<?xml version="1.0" encoding="UTF-8"?>
<!-- Generated by org.testng.reporters.JUnitXMLReporter -->
<testsuite ignored="0" hostname="INHYNBCG-224" failures="15" tests="30" name="Test" time="188.201" errors="0" timestamp="2023-09-01T13:31:35 IST">
  <testcase classname="vertex.CD.testcases.EmployeeTestF1" name="EmployeeRnDTestDDT" time="5.887">
    <failure type="java.lang.AssertionError" message="expected [Bala] but found [TestFFN1]">
      <![CDATA[java.lang.AssertionError: expected [Bala] but found [TestFFN1]
at vertex.CD.testcases.EmployeeTestF1.EmployeeRnDTestDDT(EmployeeTestF1.java:103)
at java.base/java.util.ArrayList.forEach(ArrayList.java:1511)
... Removed 31 stack frames]]>
    </failure>
  </testcase> <!-- EmployeeRnDTestDDT -->
  <testcase classname="vertex.CD.testcases.EmployeeTestF1" name="EmployeeRnDTestDDT" time="5.806">
    <failure type="java.lang.AssertionError" message="expected [Bala] but found [TestFFN2]">
      <![CDATA[java.lang.AssertionError: expected [Bala] but found [TestFFN2]
at vertex.CD.testcases.EmployeeTestF1.EmployeeRnDTestDDT(EmployeeTestF1.java:103)
at java.base/java.util.ArrayList.forEach(ArrayList.java:1511)
... Removed 31 stack frames]]>
    </failure>
  </testcase> <!-- EmployeeRnDTestDDT -->
  <testcase classname="vertex.CD.testcases.EmployeeTestF1" name="EmployeeRnDTestDDT" time="5.548">
    <failure type="java.lang.AssertionError" message="expected [Bala] but found [TestFFN3]">
      <![CDATA[java.lang.AssertionError: expected [Bala] but found [TestFFN3]
at vertex.CD.testcases.EmployeeTestF1.EmployeeRnDTestDDT(EmployeeTestF1.java:103)
at java.base/java.util.ArrayList.forEach(ArrayList.java:1511)
... Removed 31 stack frames]]>
    </failure>
  </testcase> <!-- EmployeeRnDTestDDT -->
  <testcase classname="vertex.CD.testcases.EmployeeTestF1" name="EmployeeRnDTestDDT" time="5.442">
    <failure type="java.lang.AssertionError" message="expected [Bala] but found [TestFFN4]">
      <![CDATA[java.lang.AssertionError: expected [Bala] but found [TestFFN4]
at vertex.CD.testcases.EmployeeTestF1.EmployeeRnDTestDDT(EmployeeTestF1.java:103)
at java.base/java.util.ArrayList.forEach(ArrayList.java:1511)
... Removed 31 stack frames]]>
    </failure>
  </testcase> <!-- EmployeeRnDTestDDT -->
  <testcase classname="vertex.CD.testcases.EmployeeTestF1" name="EmployeeRnDTestDDT" time="5.524">
    <failure type="java.lang.AssertionError" message="expected [Bala] but found [TestFFN5]">
      <![CDATA[java.lang.AssertionError: expected [Bala] but found [TestFFN5]
at vertex.CD.testcases.EmployeeTestF1.EmployeeRnDTestDDT(EmployeeTestF1.java:103)
at java.base/java.util.ArrayList.forEach(ArrayList.java:1511)
... Removed 31 stack frames]]>
    </failure>
  </testcase> <!-- EmployeeRnDTestDDT -->
  <testcase classname="vertex.CD.testcases.EmployeeTestF1" name="EmployeeRnDTestDDT" time="5.536">
    <failure type="java.lang.AssertionError" message="expected [Bala] but found [TestFFN6]">
      <![CDATA[java.lang.AssertionError: expected [Bala] but found [TestFFN6]
at vertex.CD.testcases.EmployeeTestF1.EmployeeRnDTestDDT(EmployeeTestF1.java:103)
at java.base/java.util.ArrayList.forEach(ArrayList.java:1511)
... Removed 31 stack frames]]>
    </failure>
  </testcase> <!-- EmployeeRnDTestDDT -->
  <testcase classname="vertex.CD.testcases.EmployeeTestF1" name="EmployeeRnDTestDDT" time="5.51">
    <failure type="java.lang.AssertionError" message="expected [Bala] but found [TestFFN7]">
      <![CDATA[java.lang.AssertionError: expected [Bala] but found [TestFFN7]
at vertex.CD.testcases.EmployeeTestF1.EmployeeRnDTestDDT(EmployeeTestF1.java:103)
at java.base/java.util.ArrayList.forEach(ArrayList.java:1511)
... Removed 31 stack frames]]>
    </failure>
  </testcase> <!-- EmployeeRnDTestDDT -->
  <testcase classname="vertex.CD.testcases.EmployeeTestF1" name="EmployeeRnDTestDDT" time="5.528">
    <failure type="java.lang.AssertionError" message="expected [Bala] but found [TestFFN8]">
      <![CDATA[java.lang.AssertionError: expected [Bala] but found [TestFFN8]
at vertex.CD.testcases.EmployeeTestF1.EmployeeRnDTestDDT(EmployeeTestF1.java:103)
at java.base/java.util.ArrayList.forEach(ArrayList.java:1511)
... Removed 31 stack frames]]>
    </failure>
  </testcase> <!-- EmployeeRnDTestDDT -->
  <testcase classname="vertex.CD.testcases.EmployeeTestF1" name="EmployeeRnDTestDDT" time="5.518">
    <failure type="java.lang.AssertionError" message="expected [Bala] but found [TestFFN9]">
      <![CDATA[java.lang.AssertionError: expected [Bala] but found [TestFFN9]
at vertex.CD.testcases.EmployeeTestF1.EmployeeRnDTestDDT(EmployeeTestF1.java:103)
at java.base/java.util.ArrayList.forEach(ArrayList.java:1511)
... Removed 31 stack frames]]>
    </failure>
  </testcase> <!-- EmployeeRnDTestDDT -->
  <testcase classname="vertex.CD.testcases.EmployeeTestF1" name="EmployeeRnDTestDDT" time="5.519">
    <failure type="java.lang.AssertionError" message="expected [Bala] but found [TestFFN10]">
      <![CDATA[java.lang.AssertionError: expected [Bala] but found [TestFFN10]
at vertex.CD.testcases.EmployeeTestF1.EmployeeRnDTestDDT(EmployeeTestF1.java:103)
at java.base/java.util.ArrayList.forEach(ArrayList.java:1511)
... Removed 31 stack frames]]>
    </failure>
  </testcase> <!-- EmployeeRnDTestDDT -->
  <testcase classname="vertex.CD.testcases.EmployeeTestF1" name="EmployeeRnDTestDDT" time="5.506">
    <failure type="java.lang.AssertionError" message="expected [Bala] but found [TestFFN11]">
      <![CDATA[java.lang.AssertionError: expected [Bala] but found [TestFFN11]
at vertex.CD.testcases.EmployeeTestF1.EmployeeRnDTestDDT(EmployeeTestF1.java:103)
at java.base/java.util.ArrayList.forEach(ArrayList.java:1511)
... Removed 31 stack frames]]>
    </failure>
  </testcase> <!-- EmployeeRnDTestDDT -->
  <testcase classname="vertex.CD.testcases.EmployeeTestF1" name="EmployeeRnDTestDDT" time="5.528">
    <failure type="java.lang.AssertionError" message="expected [Bala] but found [TestFFN12]">
      <![CDATA[java.lang.AssertionError: expected [Bala] but found [TestFFN12]
at vertex.CD.testcases.EmployeeTestF1.EmployeeRnDTestDDT(EmployeeTestF1.java:103)
at java.base/java.util.ArrayList.forEach(ArrayList.java:1511)
... Removed 31 stack frames]]>
    </failure>
  </testcase> <!-- EmployeeRnDTestDDT -->
  <testcase classname="vertex.CD.testcases.EmployeeTestF1" name="EmployeeRnDTestDDT" time="5.529">
    <failure type="java.lang.AssertionError" message="expected [Bala] but found [TestFFN13]">
      <![CDATA[java.lang.AssertionError: expected [Bala] but found [TestFFN13]
at vertex.CD.testcases.EmployeeTestF1.EmployeeRnDTestDDT(EmployeeTestF1.java:103)
at java.base/java.util.ArrayList.forEach(ArrayList.java:1511)
... Removed 31 stack frames]]>
    </failure>
  </testcase> <!-- EmployeeRnDTestDDT -->
  <testcase classname="vertex.CD.testcases.EmployeeTestF1" name="EmployeeRnDTestDDT" time="5.524">
    <failure type="java.lang.AssertionError" message="expected [Bala] but found [TestFFN14]">
      <![CDATA[java.lang.AssertionError: expected [Bala] but found [TestFFN14]
at vertex.CD.testcases.EmployeeTestF1.EmployeeRnDTestDDT(EmployeeTestF1.java:103)
at java.base/java.util.ArrayList.forEach(ArrayList.java:1511)
... Removed 31 stack frames]]>
    </failure>
  </testcase> <!-- EmployeeRnDTestDDT -->
  <testcase classname="vertex.CD.testcases.EmployeeTestF1" name="EmployeeRnDTestDDT" time="5.547">
    <failure type="java.lang.AssertionError" message="expected [Bala] but found [TestFFN15]">
      <![CDATA[java.lang.AssertionError: expected [Bala] but found [TestFFN15]
at vertex.CD.testcases.EmployeeTestF1.EmployeeRnDTestDDT(EmployeeTestF1.java:103)
at java.base/java.util.ArrayList.forEach(ArrayList.java:1511)
... Removed 31 stack frames]]>
    </failure>
  </testcase> <!-- EmployeeRnDTestDDT -->
  <testcase classname="vertex.CD.testcases.EmployeeTestP1" name="EmployeeRnDTestDDT" time="5.677"/>
  <testcase classname="vertex.CD.testcases.EmployeeTestP1" name="EmployeeRnDTestDDT" time="5.535"/>
  <testcase classname="vertex.CD.testcases.EmployeeTestP1" name="EmployeeRnDTestDDT" time="5.498"/>
  <testcase classname="vertex.CD.testcases.EmployeeTestP1" name="EmployeeRnDTestDDT" time="5.757"/>
  <testcase classname="vertex.CD.testcases.EmployeeTestP1" name="EmployeeRnDTestDDT" time="5.497"/>
  <testcase classname="vertex.CD.testcases.EmployeeTestP1" name="EmployeeRnDTestDDT" time="7.063"/>
  <testcase classname="vertex.CD.testcases.EmployeeTestP1" name="EmployeeRnDTestDDT" time="5.521"/>
  <testcase classname="vertex.CD.testcases.EmployeeTestP1" name="EmployeeRnDTestDDT" time="5.513"/>
  <testcase classname="vertex.CD.testcases.EmployeeTestP1" name="EmployeeRnDTestDDT" time="5.487"/>
  <testcase classname="vertex.CD.testcases.EmployeeTestP1" name="EmployeeRnDTestDDT" time="5.535"/>
  <testcase classname="vertex.CD.testcases.EmployeeTestP1" name="EmployeeRnDTestDDT" time="5.579"/>
  <testcase classname="vertex.CD.testcases.EmployeeTestP1" name="EmployeeRnDTestDDT" time="5.527"/>
  <testcase classname="vertex.CD.testcases.EmployeeTestP1" name="EmployeeRnDTestDDT" time="5.542"/>
  <testcase classname="vertex.CD.testcases.EmployeeTestP1" name="EmployeeRnDTestDDT" time="5.491"/>
  <testcase classname="vertex.CD.testcases.EmployeeTestP1" name="EmployeeRnDTestDDT" time="5.564"/>
</testsuite> <!-- Test -->
